<?xml version="1.0" encoding="UTF-8"?>
<!-- Generated by org.testng.reporters.JUnitReportReporter -->
<testsuite hostname="DESKTOP-3OME5PL" failures="0" tests="1" name="com.PMPeople.TestClass3_ChangePassword.T1_ChangePassword" time="25.621" errors="0" timestamp="2024-03-27T16:58:20 IST" skipped="0">
  <testcase classname="com.PMPeople.TestClass3_ChangePassword.T1_ChangePassword" name="changePassword" time="25.621"/>
</testsuite> <!-- com.PMPeople.TestClass3_ChangePassword.T1_ChangePassword -->
