<?xml version="1.0" encoding="UTF-8"?>
<!-- Generated by org.testng.reporters.JUnitReportReporter -->
<testsuite hostname="DESKTOP-3OME5PL" failures="0" tests="1" name="TC001_Signup.T4ChangingName_Country_FromSignUp" time="15.479" errors="0" timestamp="2024-03-27T15:02:14 IST" skipped="0">
  <testcase classname="TC001_Signup.T4ChangingName_Country_FromSignUp" name="T4ChangingName_FromSignUp" time="15.479"/>
</testsuite> <!-- TC001_Signup.T4ChangingName_Country_FromSignUp -->
