<?xml version="1.0" encoding="UTF-8"?>
<!-- Generated by org.testng.reporters.JUnitReportReporter -->
<testsuite hostname="DESKTOP-3OME5PL" failures="0" tests="1" name="TC_003_ForgotPassword.ForgotPassword" time="10.231" errors="0" timestamp="2024-03-27T15:34:56 IST" skipped="0">
  <testcase classname="TC_003_ForgotPassword.ForgotPassword" name="forgot_password" time="10.231"/>
</testsuite> <!-- TC_003_ForgotPassword.ForgotPassword -->
