<?xml version="1.0" encoding="UTF-8"?>
<!-- Generated by org.testng.reporters.JUnitReportReporter -->
<testsuite hostname="DESKTOP-3OME5PL" failures="0" tests="1" name="com.PMPeople.TestClass2_SignIn.T1_Login" time="24.159" errors="0" timestamp="2024-04-15T10:35:59 IST" skipped="0">
  <testcase classname="com.PMPeople.TestClass2_SignIn.T1_Login" name="Login" time="24.159"/>
</testsuite> <!-- com.PMPeople.TestClass2_SignIn.T1_Login -->
