<?xml version="1.0" encoding="UTF-8"?>
<!-- Generated by org.testng.reporters.JUnitReportReporter -->
<testsuite hostname="DESKTOP-3OME5PL" failures="0" tests="1" name="TC002_LogIn.Login" time="28.474" errors="0" timestamp="2024-03-27T15:02:14 IST" skipped="0">
  <testcase classname="TC002_LogIn.Login" name="de" time="28.474"/>
</testsuite> <!-- TC002_LogIn.Login -->
