<?xml version="1.0" encoding="UTF-8"?>
<!-- Generated by org.testng.reporters.JUnitReportReporter -->
<testsuite hostname="DESKTOP-3OME5PL" failures="0" tests="1" name="com.PMPeople.TestClass8_ProgramManager.T1_AddingProjectwithCode" time="28.561" errors="0" timestamp="2024-04-19T13:04:59 IST" skipped="0">
  <testcase classname="com.PMPeople.TestClass8_ProgramManager.T1_AddingProjectwithCode" name="addingProjectwithCode" time="28.561"/>
</testsuite> <!-- com.PMPeople.TestClass8_ProgramManager.T1_AddingProjectwithCode -->
